Angry Birds|Arcade &amp; Action|4.6|887,058|10,000,000 - 50,000,000|Free|August 30, 2011|1.6.3|19M|1.6 and up|Low Maturity
Angry Birds Seasons|Arcade &amp; Action|4.5|314,060|10,000,000 - 50,000,000|Free|September 1, 2011|1.6.0|22M|1.6 and up|Low Maturity
Bunny Shooter Free Game|Brain &amp; Puzzle|4.9|121,579|1,000,000 - 5,000,000|Free|September 7, 2011|1.06|8.6M|2.1 and up|Low Maturity
Angry Birds Rio|Arcade &amp; Action|4.7|310,324|10,000,000 - 50,000,000|Free|August 29, 2011|1.3.0|17M|1.6 and up|Everyone
Words With Friends Free|Brain &amp; Puzzle|3.7|312,017|10,000,000 - 50,000,000|Free|September 1, 2011|Varies with device|Varies with device|2.1 and up|Everyone
TETRIS® free|Brain &amp; Puzzle|3.8|1,288|500,000 - 1,000,000|Free|September 1, 2011|1.0.27|8.7M|1.6 and up|Low Maturity
Drag Racing|Racing|4.5|150,279|10,000,000 - 50,000,000|Free|September 9, 2011|1.1.3|6.5M|1.6 and up|Everyone
Drunk Man|Racing|3.6|2,388|1,000,000 - 5,000,000|Free|September 2, 2011|1.2.1|998k|1.5 and up|Everyone
Solitaire|Cards &amp; Casino|4.3|83,548|10,000,000 - 50,000,000|Free|December 22, 2010|1.12.2|83k|1.0 and up|Everyone
Dragon, Fly!|Arcade &amp; Action|4.6|46,790|1,000,000 - 5,000,000|Free|September 3, 2011|1.8|3.2M|1.6 and up|Low Maturity
Pimple Popper|Arcade &amp; Action|2.7|3,014|1,000,000 - 5,000,000|Free|September 8, 2011|1.8|2.2M|2.0 and up|Low Maturity
Fruit Ninja Free|Arcade &amp; Action|4.5|13,915|1,000,000 - 5,000,000|Free|August 4, 2011|1.6.2.10|18M|2.1 and up|Low Maturity
Fruit Slice|Arcade &amp; Action|4.5|165,603|10,000,000 - 50,000,000|Free|September 14, 2011|1.3.2|4.0M|1.6 and up|Everyone
Prize Claw|Arcade &amp; Action|3.9|1,102|500,000 - 1,000,000|Free|September 2, 2011|1.1|13M|2.0.1 and up|Everyone
3D Bowling|Arcade &amp; Action|4.0|14,794|5,000,000 - 10,000,000|Free|June 28, 2011|1.3|9.8M|2.0.1 and up|Everyone
7 Little Words|Brain &amp; Puzzle|4.8|21,073|500,000 - 1,000,000|Free|August 10, 2011|1.00|3.2M|2.2 and up|Everyone
Third Blade|Arcade &amp; Action|4.3|6,475|500,000 - 1,000,000|Free|September 9, 2011|1.0.2|49M|1.6 and up|Medium Maturity
Shoot Bubble Deluxe|Arcade &amp; Action|4.2|11,645|5,000,000 - 10,000,000|Free|May 28, 2011|2.5|1.1M|1.1 and up|Everyone
Racing Moto|Arcade &amp; Action|4.4|79,829|1,000,000 - 5,000,000|Free|August 20, 2011|1.1.2|3.9M|1.6 and up|Everyone
Zynga Poker|Cards &amp; Casino|4.6|91,976|1,000,000 - 5,000,000|Free|August 31, 2011|Varies with device|Varies with device|2.0.1 and up|Medium Maturity
Coin Dozer|Cards &amp; Casino|4.2|5,289|1,000,000 - 5,000,000|Free|July 26, 2011|1.3|7.5M|2.0.1 and up|Everyone
Jewels Deluxe|Casual|4.6|60,395|5,000,000 - 10,000,000|Free|September 7, 2011|2.0|3.3M|1.6 and up|Everyone
Cows Vs Aliens|Casual|3.5|1,432|100,000 - 500,000|Free|September 7, 2011|1.0|14M|2.1 and up|Everyone
Paper Toss|Casual|4.3|118,744|10,000,000 - 50,000,000|Free|January 5, 2011|1.0.9|5.9M|1.5 and up|Low Maturity
Unblock Me FREE|Brain &amp; Puzzle|4.4|46,957|10,000,000 - 50,000,000|Free|September 8, 2010|1.0.3|1.1M|1.5 and up|Everyone
Army Sniper|Arcade &amp; Action|3.8|13,307|5,000,000 - 10,000,000|Free|May 30, 2011|1.2|4.0M|1.5 and up|Medium Maturity
Jewels|Casual|4.5|141,593|10,000,000 - 50,000,000|Free|July 27, 2011|1.99|1.8M|1.5 and up|Everyone
SCRABBLE Free|Brain &amp; Puzzle|3.9|34,033|1,000,000 - 5,000,000|Free|August 23, 2011|1.12.57|22M|2.1 and up|Everyone
Yoo Ninja! Free|Arcade &amp; Action|4.6|103,084|5,000,000 - 10,000,000|Free|September 7, 2011|1.5|4.9M|2.1 and up|Everyone
Connect&#39;Em|Brain &amp; Puzzle|4.5|11,202|500,000 - 1,000,000|Free|September 6, 2011|1.0.2|4.8M|1.5 and up|Everyone
The Moron Test: Section 2|Brain &amp; Puzzle|4.5|447|100,000 - 500,000|Free|September 1, 2011|1.01|5.0M|1.6 and up|Everyone
Pool Master Pro|Sports Games|4.1|18,219|5,000,000 - 10,000,000|Free|June 2, 2011|1.3|1.8M|1.5 and up|Everyone
Texas Poker|Cards &amp; Casino|4.1|8,188|1,000,000 - 5,000,000|Free|September 6, 2011|2.0.2|8.3M|2.1 and up|Medium Maturity
WordSearch Unlimited Free|Brain &amp; Puzzle|4.0|24,955|5,000,000 - 10,000,000|Free|August 10, 2011|1.9.3|1.4M|1.5 and up|Everyone
Office Jerk Free|Casual|4.0|3,976|1,000,000 - 5,000,000|Free|August 8, 2011|1.3.12|16M|2.1 and up|Medium Maturity
Live Holdem Poker Pro|Cards &amp; Casino|4.7|302,885|5,000,000 - 10,000,000|Free|September 13, 2011|4.10|9.0M|1.5 and up|Medium Maturity
Glow Hockey|Arcade &amp; Action|4.2|28,841|5,000,000 - 10,000,000|Free|February 5, 2011|1.0.7|3.7M|1.5 and up|Everyone
Ant Smasher Free Game|Arcade &amp; Action|4.7|171,704|5,000,000 - 10,000,000|Free|September 2, 2011|2.1.25|6.2M|2.1 and up|Low Maturity
BUG VILLAGE|Casual|4.3|66,207|1,000,000 - 5,000,000|Free|August 26, 2011|1.2.0|2.9M|2.0 and up|Low Maturity
Guns|Arcade &amp; Action|4.3|36,947|5,000,000 - 10,000,000|Free|August 13, 2011|1.38|4.9M|1.5 and up|Medium Maturity
Aliens Invasion|Arcade &amp; Action|4.6|65,949|1,000,000 - 5,000,000|Free|September 7, 2011|1.6|6.9M|2.1 and up|Low Maturity
Empire Story™|Arcade &amp; Action|4.3|1,828|100,000 - 500,000|Free|August 23, 2011|1.0.1|12M|2.1 and up|Everyone
Blast Monkeys|Arcade &amp; Action|4.4|240,471|5,000,000 - 10,000,000|Free|September 3, 2011|1.0|3.2M|2.2 and up|Everyone
Bubble Blast 2|Brain &amp; Puzzle|4.6|467,208|10,000,000 - 50,000,000|Free|August 30, 2011|1.0.24|5.1M|1.5 and up|Everyone
Pretty Pet Salon|Casual|4.0|21,535|1,000,000 - 5,000,000|Free|August 24, 2011|1.37|8.8M|2.1 and up|Low Maturity
Pinball|Arcade &amp; Action|3.8|50,093|10,000,000 - 50,000,000|Free|August 17, 2011|1.2.4|2.6M|1.5 and up|Everyone
Moto X Mayhem Lite|Racing|4.2|958|100,000 - 500,000|Free|August 30, 2011|1.75|9.8M|1.6 and up|Low Maturity
Basketball Shot|Arcade &amp; Action|4.2|70,324|10,000,000 - 50,000,000|Free|August 22, 2011|Varies with device|Varies with device|1.6 and up|Everyone
